#
# There is insufficient memory for the Java Runtime Environment to continue.
# Native memory allocation (malloc) failed to allocate 266256 bytes for Chunk::new
# Possible reasons:
#   The system is out of physical RAM or swap space
#   The process is running with CompressedOops enabled, and the Java Heap may be blocking the growth of the native heap
# Possible solutions:
#   Reduce memory load on the system
#   Increase physical memory or swap space
#   Check if swap backing store is full
#   Decrease Java heap size (-Xmx/-Xms)
#   Decrease number of Java threads
#   Decrease Java thread stack sizes (-Xss)
#   Set larger code cache with -XX:ReservedCodeCacheSize=
#   JVM is running with Unscaled Compressed Oops mode in which the Java heap is
#     placed in the first 4GB address space. The Java Heap base address is the
#     maximum limit for the native heap growth. Please use -XX:HeapBaseMinAddress
#     to set the Java Heap base and to place the Java Heap above 4GB virtual address.
# This output file may be truncated or incomplete.
#
#  Out of Memory Error (allocation.cpp:389), pid=5180, tid=0x0000000000004edc
#
# JRE version: Java(TM) SE Runtime Environment (8.0_321-b07) (build 1.8.0_321-b07)
# Java VM: Java HotSpot(TM) 64-Bit Server VM (25.321-b07 mixed mode windows-amd64 compressed oops)
# Failed to write core dump. Minidumps are not enabled by default on client versions of Windows
#

---------------  T H R E A D  ---------------

Current thread (0x0000022fae90f800):  JavaThread "C2 CompilerThread2" daemon [_thread_in_native, id=20188, stack(0x0000007d29400000,0x0000007d2a400000)]

Stack: [0x0000007d29400000,0x0000007d2a400000]
Native frames: (J=compiled Java code, j=interpreted, Vv=VM code, C=native code)
V  [jvm.dll+0x32fc49]


Current CompileTask:
C2: 681477 1818       4       org.apache.xmlbeans.impl.store.Saver::addMapping (334 bytes)


---------------  P R O C E S S  ---------------

Java Threads: ( => current thread )
  0x0000022fae9c3800 JavaThread "Service Thread" daemon [_thread_blocked, id=4452, stack(0x0000007d2b400000,0x0000007d2b600000)]
  0x0000022fae915800 JavaThread "C1 CompilerThread3" daemon [_thread_in_native, id=18644, stack(0x0000007d2a400000,0x0000007d2b400000)]
=>0x0000022fae90f800 JavaThread "C2 CompilerThread2" daemon [_thread_in_native, id=20188, stack(0x0000007d29400000,0x0000007d2a400000)]
  0x0000022fae90d800 JavaThread "C2 CompilerThread1" daemon [_thread_in_native, id=16420, stack(0x0000007d28400000,0x0000007d29400000)]
  0x0000022fae90c000 JavaThread "C2 CompilerThread0" daemon [_thread_in_native, id=14712, stack(0x0000007d27400000,0x0000007d28400000)]
  0x0000022fae908800 JavaThread "Attach Listener" daemon [_thread_blocked, id=296, stack(0x0000007d27200000,0x0000007d27400000)]
  0x0000022fae8ae800 JavaThread "Finalizer" daemon [_thread_blocked, id=9424, stack(0x0000007d27000000,0x0000007d27200000)]
  0x0000022fae8a0000 JavaThread "Reference Handler" daemon [_thread_blocked, id=9412, stack(0x0000007d26e00000,0x0000007d27000000)]
  0x0000022f9cb3d800 JavaThread "main" [_thread_blocked, id=2924, stack(0x0000007d0de00000,0x0000007d0ee00000)]

Other Threads:
  0x0000022fae896800 VMThread [stack: 0x0000007d25e00000,0x0000007d26e00000] [id=8148]
  0x0000022fae9c4800 WatcherThread [stack: 0x0000007d2b600000,0x0000007d2c600000] [id=9360]

VM state:at safepoint (normal execution)

VM Mutex/Monitor currently owned by a thread:  ([mutex/lock_event])
[0x0000022f9cb3a290] Threads_lock - owner thread: 0x0000022fae896800
[0x0000022f9cb3a790] Heap_lock - owner thread: 0x0000022f9cb3d800

heap address: 0x00000000e0000000, size: 512 MB, Compressed Oops mode: 32-bit
Narrow klass base: 0x0000000000000000, Narrow klass shift: 3
Compressed class space size: 1073741824 Address: 0x0000000100000000

Heap:
 PSYoungGen      total 66048K, used 61440K [0x00000000f5580000, 0x0000000100000000, 0x0000000100000000)
  eden space 61440K, 100% used [0x00000000f5580000,0x00000000f9180000,0x00000000f9180000)
  from space 4608K, 0% used [0x00000000f9180000,0x00000000f9180000,0x00000000f9600000)
  to   space 33792K, 68% used [0x00000000fdf00000,0x00000000ff5798f0,0x0000000100000000)
 ParOldGen       total 87552K, used 27138K [0x00000000e0000000, 0x00000000e5580000, 0x00000000f5580000)
  object space 87552K, 30% used [0x00000000e0000000,0x00000000e1a809f8,0x00000000e5580000)
 Metaspace       used 11475K, capacity 11618K, committed 11776K, reserved 1058816K
  class space    used 1369K, capacity 1411K, committed 1536K, reserved 1048576K

Card table byte_map: [0x0000022fc2ba0000,0x0000022fc2cb0000] byte_map_base: 0x0000022fc24a0000

Marking Bits: (ParMarkBitMap*) 0x0000000072b19030
 Begin Bits: [0x0000022fc2d60000, 0x0000022fc3560000)
 End Bits:   [0x0000022fc3560000, 0x0000022fc3d60000)

Polling page: 0x0000022fb37b0000

CodeCache: size=245760Kb used=7226Kb max_used=7237Kb free=238533Kb
 bounds [0x0000022fb37e0000, 0x0000022fb3f00000, 0x0000022fc27e0000]
 total_blobs=2133 nmethods=1792 adapters=253
 compilation: enabled

Compilation events (10 events):
Event: 681.414 Thread 0x0000022fae90c000 nmethod 1823 0x0000022fb3eb9b90 code [0x0000022fb3eb9cc0, 0x0000022fb3eb9d38]
Event: 681.414 Thread 0x0000022fae90c000 1820       4       org.apache.xmlbeans.impl.store.Locale::weakCur (88 bytes)
Event: 681.414 Thread 0x0000022fae915800 1827       3       java.util.HashMap::clear (50 bytes)
Event: 681.414 Thread 0x0000022fae915800 nmethod 1827 0x0000022fb3eebf90 code [0x0000022fb3eec100, 0x0000022fb3eec4d8]
Event: 681.414 Thread 0x0000022fae915800 1829       3       org.apache.xmlbeans.impl.piccolo.xml.AttributesHolder::ensureCapacity (92 bytes)
Event: 681.415 Thread 0x0000022fae915800 nmethod 1829 0x0000022fb3ef5310 code [0x0000022fb3ef54a0, 0x0000022fb3ef5990]
Event: 681.415 Thread 0x0000022fae915800 1828   !   3       org.apache.xmlbeans.impl.piccolo.xml.Piccolo::val_push (71 bytes)
Event: 681.415 Thread 0x0000022fae915800 nmethod 1828 0x0000022fb3ef4910 code [0x0000022fb3ef4aa0, 0x0000022fb3ef5050]
Event: 681.415 Thread 0x0000022fae915800 1830   !   3       org.apache.xmlbeans.impl.piccolo.xml.PiccoloLexer::yylex (7145 bytes)
Event: 681.421 Thread 0x0000022fae90c000 nmethod 1820 0x0000022fb3ef7750 code [0x0000022fb3ef78c0, 0x0000022fb3ef7e28]

GC Heap History (10 events):
Event: 3.334 GC heap before
{Heap before GC invocations=2 (full 0):
 PSYoungGen      total 35328K, used 35299K [0x00000000f5580000, 0x00000000f7c80000, 0x0000000100000000)
  eden space 30720K, 100% used [0x00000000f5580000,0x00000000f7380000,0x00000000f7380000)
  from space 4608K, 99% used [0x00000000f7380000,0x00000000f77f8f80,0x00000000f7800000)
  to   space 4608K, 0% used [0x00000000f7800000,0x00000000f7800000,0x00000000f7c80000)
 ParOldGen       total 80896K, used 3731K [0x00000000e0000000, 0x00000000e4f00000, 0x00000000f5580000)
  object space 80896K, 4% used [0x00000000e0000000,0x00000000e03a4fa0,0x00000000e4f00000)
 Metaspace       used 10670K, capacity 10846K, committed 11136K, reserved 1058816K
  class space    used 1317K, capacity 1373K, committed 1408K, reserved 1048576K
Event: 3.347 GC heap after
Heap after GC invocations=2 (full 0):
 PSYoungGen      total 35328K, used 4591K [0x00000000f5580000, 0x00000000f9a80000, 0x0000000100000000)
  eden space 30720K, 0% used [0x00000000f5580000,0x00000000f5580000,0x00000000f7380000)
  from space 4608K, 99% used [0x00000000f7800000,0x00000000f7c7be60,0x00000000f7c80000)
  to   space 4608K, 0% used [0x00000000f7380000,0x00000000f7380000,0x00000000f7800000)
 ParOldGen       total 80896K, used 21050K [0x00000000e0000000, 0x00000000e4f00000, 0x00000000f5580000)
  object space 80896K, 26% used [0x00000000e0000000,0x00000000e148ebd0,0x00000000e4f00000)
 Metaspace       used 10670K, capacity 10846K, committed 11136K, reserved 1058816K
  class space    used 1317K, capacity 1373K, committed 1408K, reserved 1048576K
}
Event: 134.557 GC heap before
{Heap before GC invocations=3 (full 0):
 PSYoungGen      total 35328K, used 35311K [0x00000000f5580000, 0x00000000f9a80000, 0x0000000100000000)
  eden space 30720K, 100% used [0x00000000f5580000,0x00000000f7380000,0x00000000f7380000)
  from space 4608K, 99% used [0x00000000f7800000,0x00000000f7c7be60,0x00000000f7c80000)
  to   space 4608K, 0% used [0x00000000f7380000,0x00000000f7380000,0x00000000f7800000)
 ParOldGen       total 80896K, used 21050K [0x00000000e0000000, 0x00000000e4f00000, 0x00000000f5580000)
  object space 80896K, 26% used [0x00000000e0000000,0x00000000e148ebd0,0x00000000e4f00000)
 Metaspace       used 11248K, capacity 11414K, committed 11776K, reserved 1058816K
  class space    used 1368K, capacity 1409K, committed 1536K, reserved 1048576K
Event: 134.635 GC heap after
Heap after GC invocations=3 (full 0):
 PSYoungGen      total 35328K, used 4607K [0x00000000f5580000, 0x00000000f9a80000, 0x0000000100000000)
  eden space 30720K, 0% used [0x00000000f5580000,0x00000000f5580000,0x00000000f7380000)
  from space 4608K, 99% used [0x00000000f7380000,0x00000000f77ffe20,0x00000000f7800000)
  to   space 4608K, 0% used [0x00000000f9600000,0x00000000f9600000,0x00000000f9a80000)
 ParOldGen       total 80896K, used 31014K [0x00000000e0000000, 0x00000000e4f00000, 0x00000000f5580000)
  object space 80896K, 38% used [0x00000000e0000000,0x00000000e1e49ab0,0x00000000e4f00000)
 Metaspace       used 11248K, capacity 11414K, committed 11776K, reserved 1058816K
  class space    used 1368K, capacity 1409K, committed 1536K, reserved 1048576K
}
Event: 142.269 GC heap before
{Heap before GC invocations=4 (full 0):
 PSYoungGen      total 35328K, used 35327K [0x00000000f5580000, 0x00000000f9a80000, 0x0000000100000000)
  eden space 30720K, 100% used [0x00000000f5580000,0x00000000f7380000,0x00000000f7380000)
  from space 4608K, 99% used [0x00000000f7380000,0x00000000f77ffe20,0x00000000f7800000)
  to   space 4608K, 0% used [0x00000000f9600000,0x00000000f9600000,0x00000000f9a80000)
 ParOldGen       total 80896K, used 31014K [0x00000000e0000000, 0x00000000e4f00000, 0x00000000f5580000)
  object space 80896K, 38% used [0x00000000e0000000,0x00000000e1e49ab0,0x00000000e4f00000)
 Metaspace       used 11294K, capacity 11478K, committed 11776K, reserved 1058816K
  class space    used 1368K, capacity 1409K, committed 1536K, reserved 1048576K
Event: 142.286 GC heap after
Heap after GC invocations=4 (full 0):
 PSYoungGen      total 66048K, used 4607K [0x00000000f5580000, 0x00000000f9a80000, 0x0000000100000000)
  eden space 61440K, 0% used [0x00000000f5580000,0x00000000f5580000,0x00000000f9180000)
  from space 4608K, 99% used [0x00000000f9600000,0x00000000f9a7fe10,0x00000000f9a80000)
  to   space 4608K, 0% used [0x00000000f9180000,0x00000000f9180000,0x00000000f9600000)
 ParOldGen       total 80896K, used 48056K [0x00000000e0000000, 0x00000000e4f00000, 0x00000000f5580000)
  object space 80896K, 59% used [0x00000000e0000000,0x00000000e2eee150,0x00000000e4f00000)
 Metaspace       used 11294K, capacity 11478K, committed 11776K, reserved 1058816K
  class space    used 1368K, capacity 1409K, committed 1536K, reserved 1048576K
}
Event: 664.263 GC heap before
{Heap before GC invocations=5 (full 0):
 PSYoungGen      total 66048K, used 65513K [0x00000000f5580000, 0x00000000f9a80000, 0x0000000100000000)
  eden space 61440K, 99% used [0x00000000f5580000,0x00000000f90fa760,0x00000000f9180000)
  from space 4608K, 99% used [0x00000000f9600000,0x00000000f9a7fe10,0x00000000f9a80000)
  to   space 4608K, 0% used [0x00000000f9180000,0x00000000f9180000,0x00000000f9600000)
 ParOldGen       total 80896K, used 48056K [0x00000000e0000000, 0x00000000e4f00000, 0x00000000f5580000)
  object space 80896K, 59% used [0x00000000e0000000,0x00000000e2eee150,0x00000000e4f00000)
 Metaspace       used 11329K, capacity 11478K, committed 11776K, reserved 1058816K
  class space    used 1368K, capacity 1409K, committed 1536K, reserved 1048576K
Event: 664.329 GC heap after
Heap after GC invocations=5 (full 0):
 PSYoungGen      total 66048K, used 4607K [0x00000000f5580000, 0x0000000100000000, 0x0000000100000000)
  eden space 61440K, 0% used [0x00000000f5580000,0x00000000f5580000,0x00000000f9180000)
  from space 4608K, 99% used [0x00000000f9180000,0x00000000f95ffe10,0x00000000f9600000)
  to   space 33792K, 0% used [0x00000000fdf00000,0x00000000fdf00000,0x0000000100000000)
 ParOldGen       total 80896K, used 74501K [0x00000000e0000000, 0x00000000e4f00000, 0x00000000f5580000)
  object space 80896K, 92% used [0x00000000e0000000,0x00000000e48c1578,0x00000000e4f00000)
 Metaspace       used 11329K, capacity 11478K, committed 11776K, reserved 1058816K
  class space    used 1368K, capacity 1409K, committed 1536K, reserved 1048576K
}
Event: 664.329 GC heap before
{Heap before GC invocations=6 (full 1):
 PSYoungGen      total 66048K, used 4607K [0x00000000f5580000, 0x0000000100000000, 0x0000000100000000)
  eden space 61440K, 0% used [0x00000000f5580000,0x00000000f5580000,0x00000000f9180000)
  from space 4608K, 99% used [0x00000000f9180000,0x00000000f95ffe10,0x00000000f9600000)
  to   space 33792K, 0% used [0x00000000fdf00000,0x00000000fdf00000,0x0000000100000000)
 ParOldGen       total 80896K, used 74501K [0x00000000e0000000, 0x00000000e4f00000, 0x00000000f5580000)
  object space 80896K, 92% used [0x00000000e0000000,0x00000000e48c1578,0x00000000e4f00000)
 Metaspace       used 11329K, capacity 11478K, committed 11776K, reserved 1058816K
  class space    used 1368K, capacity 1409K, committed 1536K, reserved 1048576K
Event: 664.421 GC heap after
Heap after GC invocations=6 (full 1):
 PSYoungGen      total 66048K, used 0K [0x00000000f5580000, 0x0000000100000000, 0x0000000100000000)
  eden space 61440K, 0% used [0x00000000f5580000,0x00000000f5580000,0x00000000f9180000)
  from space 4608K, 0% used [0x00000000f9180000,0x00000000f9180000,0x00000000f9600000)
  to   space 33792K, 0% used [0x00000000fdf00000,0x00000000fdf00000,0x0000000100000000)
 ParOldGen       total 87552K, used 27130K [0x00000000e0000000, 0x00000000e5580000, 0x00000000f5580000)
  object space 87552K, 30% used [0x00000000e0000000,0x00000000e1a7e9f8,0x00000000e5580000)
 Metaspace       used 11325K, capacity 11472K, committed 11776K, reserved 1058816K
  class space    used 1367K, capacity 1408K, committed 1536K, reserved 1048576K
}

Deoptimization events (10 events):
Event: 235.128 Thread 0x0000022f9cb3d800 Uncommon trap: reason=unstable_if action=reinterpret pc=0x0000022fb3ba86d4 method=org.apache.xmlbeans.impl.piccolo.xml.AttributesHolder.ensureCapacity(I)V @ 9
Event: 235.131 Thread 0x0000022f9cb3d800 Uncommon trap: reason=class_check action=maybe_recompile pc=0x0000022fb3babd40 method=org.apache.xmlbeans.impl.store.CharUtil.getChars([CILjava/lang/Object;II)V @ 84
Event: 235.134 Thread 0x0000022f9cb3d800 Uncommon trap: reason=bimorphic action=maybe_recompile pc=0x0000022fb3d0932c method=org.apache.xmlbeans.impl.values.XmlObjectBase.getStringValue()Ljava/lang/String; @ 86
Event: 664.440 Thread 0x0000022f9cb3d800 Uncommon trap: reason=class_check action=maybe_recompile pc=0x0000022fb3c2348c method=java.lang.ThreadLocal.set(Ljava/lang/Object;)V @ 6
Event: 664.440 Thread 0x0000022f9cb3d800 Uncommon trap: reason=class_check action=maybe_recompile pc=0x0000022fb3c1c474 method=java.lang.ThreadLocal$ThreadLocalMap.set(Ljava/lang/ThreadLocal;Ljava/lang/Object;)V @ 36
Event: 664.444 Thread 0x0000022f9cb3d800 Uncommon trap: reason=null_check action=make_not_entrant pc=0x0000022fb3cfa590 method=org.apache.xmlbeans.impl.store.Locale.getScrubBuffer(I)Lorg/apache/xmlbeans/impl/store/Locale$ScrubBuffer; @ 14
Event: 664.445 Thread 0x0000022f9cb3d800 Uncommon trap: reason=class_check action=maybe_recompile pc=0x0000022fb3c2348c method=java.lang.ThreadLocal.set(Ljava/lang/Object;)V @ 6
Event: 664.445 Thread 0x0000022f9cb3d800 Uncommon trap: reason=class_check action=maybe_recompile pc=0x0000022fb3c1c474 method=java.lang.ThreadLocal$ThreadLocalMap.set(Ljava/lang/ThreadLocal;Ljava/lang/Object;)V @ 36
Event: 664.449 Thread 0x0000022f9cb3d800 Uncommon trap: reason=bimorphic action=maybe_recompile pc=0x0000022fb3d0932c method=org.apache.xmlbeans.impl.values.XmlObjectBase.getStringValue()Ljava/lang/String; @ 86
Event: 681.415 Thread 0x0000022f9cb3d800 Uncommon trap: reason=bimorphic action=maybe_recompile pc=0x0000022fb3d0932c method=org.apache.xmlbeans.impl.values.XmlObjectBase.getStringValue()Ljava/lang/String; @ 86

Classes redefined (0 events):
No events

Internal exceptions (10 events):
Event: 11.226 Thread 0x0000022f9cb3d800 Implicit null exception at 0x0000022fb3b08cea to 0x0000022fb3b08f31
Event: 134.503 Thread 0x0000022f9cb3d800 Implicit null exception at 0x0000022fb3ba8a77 to 0x0000022fb3ba8d81
Event: 134.702 Thread 0x0000022f9cb3d800 Exception <a 'java/lang/NoSuchFieldError': TYPE> (0x00000000f72be220) thrown at [C:\jenkins\workspace\8-2-build-windows-amd64-cygwin\jdk8u321\2141\hotspot\src\share\vm\prims\jni.cpp, line 2601]
Event: 134.703 Thread 0x0000022f9cb3d800 Exception <a 'java/lang/NoSuchFieldError': TYPE> (0x00000000f72c16c8) thrown at [C:\jenkins\workspace\8-2-build-windows-amd64-cygwin\jdk8u321\2141\hotspot\src\share\vm\prims\jni.cpp, line 2601]
Event: 235.128 Thread 0x0000022f9cb3d800 Implicit null exception at 0x0000022fb3ba8655 to 0x0000022fb3ba86bd
Event: 235.192 Thread 0x0000022f9cb3d800 Exception <a 'java/lang/NoSuchFieldError': TYPE> (0x00000000f85c0998) thrown at [C:\jenkins\workspace\8-2-build-windows-amd64-cygwin\jdk8u321\2141\hotspot\src\share\vm\prims\jni.cpp, line 2601]
Event: 235.193 Thread 0x0000022f9cb3d800 Exception <a 'java/lang/NoSuchFieldError': TYPE> (0x00000000f85c3e40) thrown at [C:\jenkins\workspace\8-2-build-windows-amd64-cygwin\jdk8u321\2141\hotspot\src\share\vm\prims\jni.cpp, line 2601]
Event: 664.444 Thread 0x0000022f9cb3d800 Implicit null exception at 0x0000022fb3cf8d20 to 0x0000022fb3cfa575
Event: 664.512 Thread 0x0000022f9cb3d800 Exception <a 'java/lang/NoSuchFieldError': TYPE> (0x00000000f7c406c8) thrown at [C:\jenkins\workspace\8-2-build-windows-amd64-cygwin\jdk8u321\2141\hotspot\src\share\vm\prims\jni.cpp, line 2601]
Event: 664.513 Thread 0x0000022f9cb3d800 Exception <a 'java/lang/NoSuchFieldError': TYPE> (0x00000000f7c43b98) thrown at [C:\jenkins\workspace\8-2-build-windows-amd64-cygwin\jdk8u321\2141\hotspot\src\share\vm\prims\jni.cpp, line 2601]

Events (10 events):
Event: 664.449 Executing VM operation: RevokeBias done
Event: 664.449 Thread 0x0000022f9cb3d800 DEOPT PACKING pc=0x0000022fb3d0932c sp=0x0000007d0edcc500
Event: 664.449 Thread 0x0000022f9cb3d800 DEOPT UNPACKING pc=0x0000022fb38258c3 sp=0x0000007d0edcc4b0 mode 2
Event: 664.508 Thread 0x0000022f9cb3d800 DEOPT PACKING pc=0x0000022fb3c6bde3 sp=0x0000007d0edcb7c0
Event: 664.508 Thread 0x0000022f9cb3d800 DEOPT UNPACKING pc=0x0000022fb3827518 sp=0x0000007d0edcb4f0 mode 0
Event: 681.414 Thread 0x0000022f9cb3d800 Uncommon trap: trap_request=0xffffffc6 fr.pc=0x0000022fb3d0932c
Event: 681.414 Executing VM operation: RevokeBias
Event: 681.415 Executing VM operation: RevokeBias done
Event: 681.415 Thread 0x0000022f9cb3d800 DEOPT PACKING pc=0x0000022fb3d0932c sp=0x0000007d0edcc500
Event: 681.415 Thread 0x0000022f9cb3d800 DEOPT UNPACKING pc=0x0000022fb38258c3 sp=0x0000007d0edcc4b0 mode 2


Dynamic libraries:
0x00007ff7aa050000 - 0x00007ff7ab9ae000 	C:\Program Files\RStudio\bin\rsession.exe
0x00007ffcc0c90000 - 0x00007ffcc0e87000 	C:\Windows\SYSTEM32\ntdll.dll
0x00007ffcc0650000 - 0x00007ffcc070d000 	C:\Windows\System32\KERNEL32.DLL
0x00007ffcbe890000 - 0x00007ffcbeb5d000 	C:\Windows\System32\KERNELBASE.dll
0x00007ffcbbc40000 - 0x00007ffcbbcd0000 	C:\Windows\SYSTEM32\apphelp.dll
0x00007ffcc03c0000 - 0x00007ffcc046e000 	C:\Windows\System32\ADVAPI32.dll
0x00007ffcc08e0000 - 0x00007ffcc097e000 	C:\Windows\System32\msvcrt.dll
0x00007ffcc0a10000 - 0x00007ffcc0aac000 	C:\Windows\System32\sechost.dll
0x00007ffcbf6d0000 - 0x00007ffcbf7f5000 	C:\Windows\System32\RPCRT4.dll
0x00007ffcc05e0000 - 0x00007ffcc064b000 	C:\Windows\System32\WS2_32.dll
0x00007ffcc0350000 - 0x00007ffcc03a5000 	C:\Windows\System32\SHLWAPI.dll
0x00007ffcc0ab0000 - 0x00007ffcc0c50000 	C:\Windows\System32\USER32.dll
0x00007ffcbe6c0000 - 0x00007ffcbe6e2000 	C:\Windows\System32\win32u.dll
0x00007ffcbdaa0000 - 0x00007ffcbdb0a000 	C:\Windows\SYSTEM32\MSWSOCK.dll
0x00007ffcc04d0000 - 0x00007ffcc04fa000 	C:\Windows\System32\GDI32.dll
0x00007ffcbe460000 - 0x00007ffcbe56b000 	C:\Windows\System32\gdi32full.dll
0x0000000063540000 - 0x00000000635ef000 	C:\Program Files\R\R-4.1.3\bin\x64\Rgraphapp.dll
0x00007ffcbe6f0000 - 0x00007ffcbe78d000 	C:\Windows\System32\msvcp_win.dll
0x00007ffcbe790000 - 0x00007ffcbe890000 	C:\Windows\System32\ucrtbase.dll
0x00007ffcbf800000 - 0x00007ffcbff44000 	C:\Windows\System32\SHELL32.dll
0x00007ffcbff50000 - 0x00007ffcc007a000 	C:\Windows\System32\ole32.dll
0x00007ffcbf1c0000 - 0x00007ffcbf514000 	C:\Windows\System32\combase.dll
0x00007ffcc0500000 - 0x00007ffcc05db000 	C:\Windows\System32\comdlg32.dll
0x00007ffcbeb60000 - 0x00007ffcbeb87000 	C:\Windows\System32\bcrypt.dll
0x00007ffcc0100000 - 0x00007ffcc01ad000 	C:\Windows\System32\shcore.dll
0x00007ffcc02e0000 - 0x00007ffcc0336000 	C:\Windows\System32\WLDAP32.dll
0x000000006c700000 - 0x000000006e672000 	C:\Program Files\R\R-4.1.3\bin\x64\R.dll
0x00007ffcbeb90000 - 0x00007ffcbece6000 	C:\Windows\System32\CRYPT32.dll
0x00007ffcc02a0000 - 0x00007ffcc02d0000 	C:\Windows\System32\IMM32.dll
0x00007ffca5fc0000 - 0x00007ffca6070000 	C:\Windows\WinSxS\amd64_microsoft.windows.common-controls_6595b64144ccf1df_5.82.19041.1110_none_792d1c772443f647\COMCTL32.dll
0x00007ffca6c70000 - 0x00007ffca6d0b000 	C:\Program Files\RStudio\bin\MSVCP140.dll
0x00007ffcb9cc0000 - 0x00007ffcb9cd5000 	C:\Program Files\RStudio\bin\VCRUNTIME140.dll
0x00007ffca5230000 - 0x00007ffca523c000 	C:\Windows\SYSTEM32\Secur32.dll
0x00007ffcb3020000 - 0x00007ffcb3027000 	C:\Windows\SYSTEM32\MSIMG32.dll
0x0000000064e80000 - 0x0000000064f02000 	C:\Program Files\R\R-4.1.3\bin\x64\Rblas.dll
0x00007ffcb6ce0000 - 0x00007ffcb6cea000 	C:\Windows\SYSTEM32\VERSION.dll
0x00000000641c0000 - 0x0000000064220000 	C:\Program Files\R\R-4.1.3\bin\x64\Riconv.dll
0x00007ffcb5380000 - 0x00007ffcb53a7000 	C:\Windows\SYSTEM32\WINMM.dll
0x00007ffcbdcb0000 - 0x00007ffcbdcbc000 	C:\Windows\SYSTEM32\CRYPTBASE.DLL
0x00007ffcbe270000 - 0x00007ffcbe2a2000 	C:\Windows\SYSTEM32\SSPICLI.DLL
0x00007ffcbc4b0000 - 0x00007ffcbcc44000 	C:\Windows\SYSTEM32\windows.storage.dll
0x00007ffcbdda0000 - 0x00007ffcbddcc000 	C:\Windows\SYSTEM32\Wldp.dll
0x00007ffca2320000 - 0x00007ffca2337000 	C:\Windows\system32\napinsp.dll
0x00007ffc97cf0000 - 0x00007ffc97d0b000 	C:\Windows\system32\pnrpnsp.dll
0x00007ffc97cd0000 - 0x00007ffc97ce5000 	C:\Windows\system32\wshbth.dll
0x00007ffcb9b30000 - 0x00007ffcb9b4d000 	C:\Windows\system32\NLAapi.dll
0x00007ffcbd790000 - 0x00007ffcbd7cb000 	C:\Windows\SYSTEM32\IPHLPAPI.DLL
0x00007ffcbd7d0000 - 0x00007ffcbd89b000 	C:\Windows\SYSTEM32\DNSAPI.dll
0x00007ffcc02d0000 - 0x00007ffcc02d8000 	C:\Windows\System32\NSI.dll
0x00007ffc97cb0000 - 0x00007ffc97cc2000 	C:\Windows\System32\winrnr.dll
0x00007ffcbe2f0000 - 0x00007ffcbe30f000 	C:\Windows\SYSTEM32\profapi.dll
0x00007ffcbe570000 - 0x00007ffcbe5f2000 	C:\Windows\System32\bcryptPrimitives.dll
0x00007ffcbc2b0000 - 0x00007ffcbc2c2000 	C:\Windows\SYSTEM32\kernel.appcore.dll
0x00007ffcbbdd0000 - 0x00007ffcbbe6e000 	C:\Windows\system32\uxtheme.dll
0x0000000064a40000 - 0x0000000064a54000 	C:\Program Files\R\R-4.1.3\library\methods\libs\x64\methods.dll
0x0000000000a90000 - 0x0000000000abd000 	C:\Program Files\R\R-4.1.3\library\utils\libs\x64\utils.dll
0x000000006fc80000 - 0x000000006fe09000 	C:\Program Files\R\R-4.1.3\library\grDevices\libs\x64\grDevices.dll
0x0000000063740000 - 0x0000000063792000 	C:\Program Files\R\R-4.1.3\library\graphics\libs\x64\graphics.dll
0x0000000071100000 - 0x00000000711a9000 	C:\Program Files\R\R-4.1.3\library\stats\libs\x64\stats.dll
0x0000000000ac0000 - 0x0000000000d4e000 	C:\Program Files\R\R-4.1.3\bin\x64\Rlapack.dll
0x00007ffc0cf60000 - 0x00007ffc103a8000 	C:\Program Files\RStudio\bin\rsclang\x86_64\libclang.dll
0x00007ffcc01d0000 - 0x00007ffcc029d000 	C:\Windows\System32\OLEAUT32.dll
0x0000000000d50000 - 0x0000000000d70000 	C:\Program Files\R\R-4.1.3\library\tools\libs\x64\tools.dll
0x0000000065700000 - 0x0000000065c65000 	C:\PROGRA~1\R\R-41~1.3\modules\x64\internet.dll
0x00007ffca4070000 - 0x00007ffca4546000 	C:\Windows\SYSTEM32\WININET.dll
0x000000006abc0000 - 0x000000006acfd000 	C:\Program Files\R\R-4.1.3\library\Rcpp\libs\x64\Rcpp.dll
0x0000000066d40000 - 0x0000000066d5f000 	C:\Program Files\R\R-4.1.3\library\bit\libs\x64\bit.dll
0x0000000063800000 - 0x0000000063828000 	C:\Program Files\R\R-4.1.3\library\bit64\libs\x64\bit64.dll
0x0000000000d70000 - 0x0000000000dc7000 	C:\Program Files\R\R-4.1.3\library\rlang\libs\x64\rlang.dll
0x0000000065ec0000 - 0x0000000065ef0000 	C:\Program Files\R\R-4.1.3\library\cli\libs\x64\cli.dll
0x0000000068140000 - 0x0000000068254000 	C:\Program Files\R\R-4.1.3\library\vctrs\libs\x64\vctrs.dll
0x000000006edc0000 - 0x000000006f006000 	C:\Program Files\R\R-4.1.3\library\RSQLite\libs\x64\RSQLite.dll
0x0000000000dd0000 - 0x0000000000e04000 	C:\Program Files\R\R-4.1.3\library\fastmap\libs\x64\fastmap.dll
0x0000000067d00000 - 0x0000000067d0d000 	C:\Program Files\R\R-4.1.3\library\cachem\libs\x64\cachem.dll
0x000000006c500000 - 0x000000006c523000 	C:\Program Files\R\R-4.1.3\library\digest\libs\x64\digest.dll
0x0000000065340000 - 0x000000006534e000 	C:\Program Files\R\R-4.1.3\library\htmltools\libs\x64\htmltools.dll
0x0000000000e10000 - 0x0000000000e1e000 	C:\Program Files\R\R-4.1.3\library\xfun\libs\x64\xfun.dll
0x000000006b480000 - 0x000000006b4b4000 	C:\Program Files\R\R-4.1.3\library\yaml\libs\x64\yaml.dll
0x0000000000e20000 - 0x0000000000f31000 	C:\Program Files\R\R-4.1.3\library\later\libs\x64\later.dll
0x0000000061300000 - 0x000000006130e000 	C:\Program Files\R\R-4.1.3\library\magrittr\libs\x64\magrittr.dll
0x000000006b840000 - 0x000000006b934000 	C:\Program Files\R\R-4.1.3\library\promises\libs\x64\promises.dll
0x0000000068e40000 - 0x000000006927c000 	C:\Program Files\R\R-4.1.3\library\httpuv\libs\x64\httpuv.dll
0x00007ffcc0340000 - 0x00007ffcc0348000 	C:\Windows\System32\PSAPI.DLL
0x00007ffcbe2b0000 - 0x00007ffcbe2de000 	C:\Windows\SYSTEM32\USERENV.dll
0x0000000064cc0000 - 0x0000000064ccd000 	C:\Program Files\R\R-4.1.3\library\mime\libs\x64\mime.dll
0x0000000062ac0000 - 0x0000000062acd000 	C:\Program Files\R\R-4.1.3\library\ellipsis\libs\x64\ellipsis.dll
0x0000000000f40000 - 0x0000000000f53000 	C:\Program Files\R\R-4.1.3\library\purrr\libs\x64\purrr.dll
0x0000000063400000 - 0x000000006340e000 	C:\Program Files\R\R-4.1.3\library\glue\libs\x64\glue.dll
0x00000000625c0000 - 0x00000000625e0000 	C:\Program Files\R\R-4.1.3\library\fansi\libs\x64\fansi.dll
0x0000000069280000 - 0x00000000692d2000 	C:\Program Files\R\R-4.1.3\library\utf8\libs\x64\utf8.dll
0x0000000061c00000 - 0x0000000061c0e000 	C:\Program Files\R\R-4.1.3\library\tibble\libs\x64\tibble.dll
0x0000000000f60000 - 0x0000000000f94000 	C:\Program Files\R\R-4.1.3\library\dplyr\libs\x64\dplyr.dll
0x000000006bd40000 - 0x000000006c226000 	C:\Program Files\R\R-4.1.3\library\stringi\libs\x64\stringi.dll
0x00000000640c0000 - 0x00000000640e2000 	C:\Program Files\R\R-4.1.3\library\jsonlite\libs\x64\jsonlite.dll
0x000000006f7c0000 - 0x000000006f7cf000 	C:\Program Files\R\R-4.1.3\library\splines\libs\x64\splines.dll
0x000000006ea80000 - 0x000000006eaac000 	C:\Program Files\R\R-4.1.3\library\grid\libs\x64\grid.dll
0x0000000000fa0000 - 0x0000000000faf000 	C:\Program Files\R\R-4.1.3\library\lattice\libs\x64\lattice.dll
0x0000000000fb0000 - 0x0000000001070000 	C:\Program Files\R\R-4.1.3\library\Matrix\libs\x64\Matrix.dll
0x00000000688c0000 - 0x00000000688f9000 	C:\Program Files\R\R-4.1.3\library\survival\libs\x64\survival.dll
0x0000000062a80000 - 0x0000000062a8f000 	C:\Program Files\R\R-4.1.3\library\parallel\libs\x64\parallel.dll
0x0000000070000000 - 0x000000007068d000 	C:\Program Files\R\R-4.1.3\library\mvtnorm\libs\x64\mvtnorm.dll
0x0000000001070000 - 0x0000000001090000 	C:\Program Files\R\R-4.1.3\library\libcoin\libs\x64\libcoin.dll
0x00000000629c0000 - 0x0000000062a07000 	C:\Program Files\R\R-4.1.3\library\matrixStats\libs\x64\matrixStats.dll
0x000000006f500000 - 0x000000006f50f000 	C:\Program Files\R\R-4.1.3\library\zoo\libs\x64\zoo.dll
0x000000006ed40000 - 0x000000006ed51000 	C:\Program Files\R\R-4.1.3\library\MASS\libs\x64\MASS.dll
0x0000000001090000 - 0x000000000109f000 	C:\Program Files\R\R-4.1.3\library\coin\libs\x64\coin.dll
0x00000000010a0000 - 0x00000000010af000 	C:\Program Files\R\R-4.1.3\library\strucchange\libs\x64\strucchange.dll
0x00000000010b0000 - 0x00000000010cc000 	C:\Program Files\R\R-4.1.3\library\party\libs\x64\party.dll
0x00000000010d0000 - 0x00000000010e7000 	C:\Program Files\R\R-4.1.3\library\rpart\libs\x64\rpart.dll
0x0000000063080000 - 0x000000006308e000 	C:\Program Files\R\R-4.1.3\library\partykit\libs\x64\partykit.dll
0x0000000064080000 - 0x0000000064098000 	C:\Program Files\R\R-4.1.3\library\rJava\libs\x64\rJava.dll
0x0000000072330000 - 0x0000000072b91000 	C:\Program Files\Java\jre1.8.0_321\bin\server\jvm.dll
0x00007ffcb8d70000 - 0x00007ffcb8d79000 	C:\Windows\SYSTEM32\WSOCK32.dll
0x00007ffcbbcf0000 - 0x00007ffcbbd00000 	C:\Program Files\Java\jre1.8.0_321\bin\verify.dll
0x00007ffcb8230000 - 0x00007ffcb825b000 	C:\Program Files\Java\jre1.8.0_321\bin\java.dll
0x00007ffcb8de0000 - 0x00007ffcb8df8000 	C:\Program Files\Java\jre1.8.0_321\bin\zip.dll
0x00000000010f0000 - 0x00000000010fe000 	C:\Program Files\R\R-4.1.3\library\keyring\libs\x64\keyring.dll
0x0000000001100000 - 0x0000000001406000 	C:\Program Files\R\R-4.1.3\library\sass\libs\x64\sass.dll
0x00007ffcbdc90000 - 0x00007ffcbdca8000 	C:\Windows\SYSTEM32\CRYPTSP.dll
0x00007ffcbd420000 - 0x00007ffcbd454000 	C:\Windows\system32\rsaenh.dll
0x0000000062d40000 - 0x0000000062e45000 	C:\Program Files\R\R-4.1.3\library\lubridate\libs\x64\lubridate.dll
0x0000000063fc0000 - 0x0000000063fd9000 	C:\PROGRA~1\R\R-41~1.3\modules\x64\lapack.dll
0x000000006a8c0000 - 0x000000006a90d000 	C:\Program Files\R\R-4.1.3\library\tidyr\libs\x64\tidyr.dll
0x0000000069540000 - 0x000000006954d000 	C:\Program Files\R\R-4.1.3\library\backports\libs\x64\backports.dll
0x000000006ae00000 - 0x000000006af04000 	C:\Program Files\R\R-4.1.3\library\mice\libs\x64\mice.dll
0x0000000001410000 - 0x0000000001427000 	C:\Program Files\R\R-4.1.3\library\colorspace\libs\x64\colorspace.dll
0x0000000069300000 - 0x00000000693b5000 	C:\Program Files\R\R-4.1.3\library\data.table\libs\x64\datatable.dll
0x0000000001430000 - 0x0000000001444000 	C:\Program Files\R\R-4.1.3\library\proxy\libs\x64\proxy.dll

VM Arguments:
jvm_args: -Dr.arch=/x64 -Xmx512m -Xrs -Xss2m 
java_command: <unknown>
java_class_path (initial): C:/Program Files/R/R-4.1.3/library/rJava/java/boot
Launcher Type: generic

Environment Variables:
PATH=C:\Program Files\R\R-4.1.3\bin\x64;C:\Program Files\R\R-4.1.3\bin\x64;C:\Program Files (x86)\Borland\Delphi7\Bin;C:\Program Files (x86)\Borland\Delphi7\Projects\Bpl\;C:\Program Files (x86)\Windows Resource Kits\Tools\;C:\Program Files (x86)\Common Files\Oracle\Java\javapath;C:\Program Files (x86)\Borland\Delphi7\Projects\Bpl;C:\Windows\system32;C:\Windows;C:\Windows\System32\Wbem;C:\Windows\System32\WindowsPowerShell\v1.0\;C:\Windows\System32\OpenSSH\;C:\Program Files (x86)\NVIDIA Corporation\PhysX\Common;C:\Program Files\NVIDIA Corporation\NVIDIA NvDLISR;c:\altera\91\quartus\bin;C:\Program Files\dotnet\;C:\Program Files\Microsoft SQL Server\130\Tools\Binn\;C:\Program Files\Microsoft SQL Server\Client SDK\ODBC\170\Tools\Binn\;C:\Program Files (x86)\dotnet\;C:\php;C:\Inprise\vbroker\bin;C:\Program Files\Borland\Delphi7\Bin;C:\Program Files\Borland\Delphi7\Projects\Bpl;C:\Program Files (x86)\Microsoft SQL Server\150\Tools\Binn\;C:\Program Files\Microsoft SQL Server\150\Tools\Binn\;C:\Program Files\Microsoft SQL Server\150\DTS\Binn\;C:\Program Files\PuTTY\;C:\Program Files\Git\cmd;C:\Program Files (x86)\Rational\common;%SysytemRoot%\system32;C:\Users\valer\.dotnet\tools;C:\Users\valer\AppData\Local\GitHubDesktop\bin;C:\ProgramData\valer\gitkraken\bin;C:\Users\valer\AppData\Local\gitkraken\bin;C:\ffmpeg\bin;C:\Users\valer\AppData\Roaming\TinyTeX\bin\win32
USERNAME=valer
DISPLAY=:0
OS=Windows_NT
PROCESSOR_IDENTIFIER=AMD64 Family 23 Model 96 Stepping 1, AuthenticAMD



---------------  S Y S T E M  ---------------

OS: Windows 10 , 64 bit Build 19041 (10.0.19041.1741)

CPU:total 12 (initial active 12) (12 cores per cpu, 1 threads per core) family 23 model 96 stepping 1, cmov, cx8, fxsr, mmx, sse, sse2, sse3, ssse3, sse4.1, sse4.2, popcnt, avx, avx2, aes, clmul, mmxext, 3dnowpref, lzcnt, sse4a, tsc, tscinvbit, tscinv, bmi1

Memory: 4k page, physical 7722144k(115308k free), swap 31839392k(1244k free)

vm_info: Java HotSpot(TM) 64-Bit Server VM (25.321-b07) for windows-amd64 JRE (1.8.0_321-b07), built on Dec 15 2021 11:19:20 by "java_re" with MS VC++ 15.9 (VS2017)

time: Thu Jun 23 17:32:52 2022
timezone: RTZ 7 (зима)
elapsed time: 681.492245 seconds (0d 0h 11m 21s)

